2023-01-09 09:53:51.175  INFO 14368 --- [restartedMain] jmaster.io.project2.Project2Application  : Starting Project2Application using Java 17.0.5 on CuongVu with PID 14368 (C:\Users\cuong\OneDrive\Desktop\KhoaHocSpring_JMaster\spring\project2\target\classes started by CuongVu in C:\Users\cuong\OneDrive\Desktop\KhoaHocSpring_JMaster\spring\project2)
2023-01-09 09:53:51.185  INFO 14368 --- [restartedMain] jmaster.io.project2.Project2Application  : No active profile set, falling back to 1 default profile: "default"
2023-01-09 09:53:51.359  INFO 14368 --- [restartedMain] .e.DevToolsPropertyDefaultsPostProcessor : Devtools property defaults active! Set 'spring.devtools.add-properties' to 'false' to disable
2023-01-09 09:53:51.359  INFO 14368 --- [restartedMain] .e.DevToolsPropertyDefaultsPostProcessor : For additional web related logging consider setting the 'logging.level.web' property to 'DEBUG'
2023-01-09 09:53:52.835  INFO 14368 --- [restartedMain] .s.d.r.c.RepositoryConfigurationDelegate : Bootstrapping Spring Data JPA repositories in DEFAULT mode.
2023-01-09 09:53:52.951  INFO 14368 --- [restartedMain] .s.d.r.c.RepositoryConfigurationDelegate : Finished Spring Data repository scanning in 101 ms. Found 6 JPA repository interfaces.
2023-01-09 09:53:54.247  INFO 14368 --- [restartedMain] o.s.b.w.embedded.tomcat.TomcatWebServer  : Tomcat initialized with port(s): 8081 (http)
2023-01-09 09:53:54.262  INFO 14368 --- [restartedMain] o.apache.catalina.core.StandardService   : Starting service [Tomcat]
2023-01-09 09:53:54.263  INFO 14368 --- [restartedMain] org.apache.catalina.core.StandardEngine  : Starting Servlet engine: [Apache Tomcat/9.0.69]
2023-01-09 09:53:54.455  INFO 14368 --- [restartedMain] o.a.c.c.C.[Tomcat].[localhost].[/]       : Initializing Spring embedded WebApplicationContext
2023-01-09 09:53:54.455  INFO 14368 --- [restartedMain] w.s.c.ServletWebServerApplicationContext : Root WebApplicationContext: initialization completed in 3095 ms
2023-01-09 09:53:54.713  INFO 14368 --- [restartedMain] com.zaxxer.hikari.HikariDataSource       : HikariPool-1 - Starting...
2023-01-09 09:53:55.392  INFO 14368 --- [restartedMain] com.zaxxer.hikari.HikariDataSource       : HikariPool-1 - Start completed.
2023-01-09 09:53:55.466  INFO 14368 --- [restartedMain] o.hibernate.jpa.internal.util.LogHelper  : HHH000204: Processing PersistenceUnitInfo [name: default]
2023-01-09 09:53:55.631  INFO 14368 --- [restartedMain] org.hibernate.Version                    : HHH000412: Hibernate ORM core version 5.6.14.Final
2023-01-09 09:53:55.926  INFO 14368 --- [restartedMain] o.hibernate.annotations.common.Version   : HCANN000001: Hibernate Commons Annotations {5.1.2.Final}
2023-01-09 09:53:56.118  INFO 14368 --- [restartedMain] org.hibernate.dialect.Dialect            : HHH000400: Using dialect: org.hibernate.dialect.MySQL8Dialect
2023-01-09 09:53:57.664  INFO 14368 --- [restartedMain] o.h.e.t.j.p.i.JtaPlatformInitiator       : HHH000490: Using JtaPlatform implementation: [org.hibernate.engine.transaction.jta.platform.internal.NoJtaPlatform]
2023-01-09 09:53:57.677  INFO 14368 --- [restartedMain] j.LocalContainerEntityManagerFactoryBean : Initialized JPA EntityManagerFactory for persistence unit 'default'
2023-01-09 09:53:59.448  WARN 14368 --- [restartedMain] JpaBaseConfiguration$JpaWebConfiguration : spring.jpa.open-in-view is enabled by default. Therefore, database queries may be performed during view rendering. Explicitly configure spring.jpa.open-in-view to disable this warning
2023-01-09 09:54:00.933  INFO 14368 --- [restartedMain] o.s.b.d.a.OptionalLiveReloadServer       : LiveReload server is running on port 35729
2023-01-09 09:54:01.090  INFO 14368 --- [restartedMain] o.a.k.clients.consumer.ConsumerConfig    : ConsumerConfig values: 
	allow.auto.create.topics = true
	auto.commit.interval.ms = 5000
	auto.offset.reset = earliest
	bootstrap.servers = [localhost:9092]
	check.crcs = true
	client.dns.lookup = use_all_dns_ips
	client.id = consumer-notificationGroup-1
	client.rack = 
	connections.max.idle.ms = 540000
	default.api.timeout.ms = 60000
	enable.auto.commit = false
	exclude.internal.topics = true
	fetch.max.bytes = 52428800
	fetch.max.wait.ms = 500
	fetch.min.bytes = 1
	group.id = notificationGroup
	group.instance.id = null
	heartbeat.interval.ms = 3000
	interceptor.classes = []
	internal.leave.group.on.close = true
	internal.throw.on.fetch.stable.offset.unsupported = false
	isolation.level = read_uncommitted
	key.deserializer = class org.apache.kafka.common.serialization.StringDeserializer
	max.partition.fetch.bytes = 1048576
	max.poll.interval.ms = 300000
	max.poll.records = 500
	metadata.max.age.ms = 300000
	metric.reporters = []
	metrics.num.samples = 2
	metrics.recording.level = INFO
	metrics.sample.window.ms = 30000
	partition.assignment.strategy = [class org.apache.kafka.clients.consumer.RangeAssignor, class org.apache.kafka.clients.consumer.CooperativeStickyAssignor]
	receive.buffer.bytes = 65536
	reconnect.backoff.max.ms = 1000
	reconnect.backoff.ms = 50
	request.timeout.ms = 30000
	retry.backoff.ms = 100
	sasl.client.callback.handler.class = null
	sasl.jaas.config = null
	sasl.kerberos.kinit.cmd = /usr/bin/kinit
	sasl.kerberos.min.time.before.relogin = 60000
	sasl.kerberos.service.name = null
	sasl.kerberos.ticket.renew.jitter = 0.05
	sasl.kerberos.ticket.renew.window.factor = 0.8
	sasl.login.callback.handler.class = null
	sasl.login.class = null
	sasl.login.connect.timeout.ms = null
	sasl.login.read.timeout.ms = null
	sasl.login.refresh.buffer.seconds = 300
	sasl.login.refresh.min.period.seconds = 60
	sasl.login.refresh.window.factor = 0.8
	sasl.login.refresh.window.jitter = 0.05
	sasl.login.retry.backoff.max.ms = 10000
	sasl.login.retry.backoff.ms = 100
	sasl.mechanism = GSSAPI
	sasl.oauthbearer.clock.skew.seconds = 30
	sasl.oauthbearer.expected.audience = null
	sasl.oauthbearer.expected.issuer = null
	sasl.oauthbearer.jwks.endpoint.refresh.ms = 3600000
	sasl.oauthbearer.jwks.endpoint.retry.backoff.max.ms = 10000
	sasl.oauthbearer.jwks.endpoint.retry.backoff.ms = 100
	sasl.oauthbearer.jwks.endpoint.url = null
	sasl.oauthbearer.scope.claim.name = scope
	sasl.oauthbearer.sub.claim.name = sub
	sasl.oauthbearer.token.endpoint.url = null
	security.protocol = PLAINTEXT
	security.providers = null
	send.buffer.bytes = 131072
	session.timeout.ms = 45000
	socket.connection.setup.timeout.max.ms = 30000
	socket.connection.setup.timeout.ms = 10000
	ssl.cipher.suites = null
	ssl.enabled.protocols = [TLSv1.2, TLSv1.3]
	ssl.endpoint.identification.algorithm = https
	ssl.engine.factory.class = null
	ssl.key.password = null
	ssl.keymanager.algorithm = SunX509
	ssl.keystore.certificate.chain = null
	ssl.keystore.key = null
	ssl.keystore.location = null
	ssl.keystore.password = null
	ssl.keystore.type = JKS
	ssl.protocol = TLSv1.3
	ssl.provider = null
	ssl.secure.random.implementation = null
	ssl.trustmanager.algorithm = PKIX
	ssl.truststore.certificates = null
	ssl.truststore.location = null
	ssl.truststore.password = null
	ssl.truststore.type = JKS
	value.deserializer = class org.apache.kafka.common.serialization.ByteArrayDeserializer

2023-01-09 09:54:01.298  INFO 14368 --- [restartedMain] o.a.kafka.common.utils.AppInfoParser     : Kafka version: 3.1.2
2023-01-09 09:54:01.299  INFO 14368 --- [restartedMain] o.a.kafka.common.utils.AppInfoParser     : Kafka commitId: f8c67dc3ae0a3265
2023-01-09 09:54:01.299  INFO 14368 --- [restartedMain] o.a.kafka.common.utils.AppInfoParser     : Kafka startTimeMs: 1673232841296
2023-01-09 09:54:01.304  INFO 14368 --- [restartedMain] o.a.k.clients.consumer.KafkaConsumer     : [Consumer clientId=consumer-notificationGroup-1, groupId=notificationGroup] Subscribed to topic(s): notification
2023-01-09 09:54:01.339  INFO 14368 --- [restartedMain] o.s.b.w.embedded.tomcat.TomcatWebServer  : Tomcat started on port(s): 8081 (http) with context path ''
2023-01-09 09:54:01.364  INFO 14368 --- [restartedMain] jmaster.io.project2.Project2Application  : Started Project2Application in 11.228 seconds (JVM running for 12.76)
2023-01-09 09:54:01.903  INFO 14368 --- [notificationGroup-0-C-1] org.apache.kafka.clients.NetworkClient   : [Consumer clientId=consumer-notificationGroup-1, groupId=notificationGroup] Node -1 disconnected.
2023-01-09 09:54:01.912  WARN 14368 --- [notificationGroup-0-C-1] org.apache.kafka.clients.NetworkClient   : [Consumer clientId=consumer-notificationGroup-1, groupId=notificationGroup] Connection to node -1 (localhost/127.0.0.1:9092) could not be established. Broker may not be available.
2023-01-09 09:54:01.913  WARN 14368 --- [notificationGroup-0-C-1] org.apache.kafka.clients.NetworkClient   : [Consumer clientId=consumer-notificationGroup-1, groupId=notificationGroup] Bootstrap broker localhost:9092 (id: -1 rack: null) disconnected
2023-01-09 09:54:02.010  INFO 14368 --- [notificationGroup-0-C-1] org.apache.kafka.clients.NetworkClient   : [Consumer clientId=consumer-notificationGroup-1, groupId=notificationGroup] Node -1 disconnected.
2023-01-09 09:54:02.010  WARN 14368 --- [notificationGroup-0-C-1] org.apache.kafka.clients.NetworkClient   : [Consumer clientId=consumer-notificationGroup-1, groupId=notificationGroup] Connection to node -1 (localhost/127.0.0.1:9092) could not be established. Broker may not be available.
2023-01-09 09:54:02.010  WARN 14368 --- [notificationGroup-0-C-1] org.apache.kafka.clients.NetworkClient   : [Consumer clientId=consumer-notificationGroup-1, groupId=notificationGroup] Bootstrap broker localhost:9092 (id: -1 rack: null) disconnected
2023-01-09 09:54:02.119  INFO 14368 --- [notificationGroup-0-C-1] org.apache.kafka.clients.NetworkClient   : [Consumer clientId=consumer-notificationGroup-1, groupId=notificationGroup] Node -1 disconnected.
2023-01-09 09:54:02.120  WARN 14368 --- [notificationGroup-0-C-1] org.apache.kafka.clients.NetworkClient   : [Consumer clientId=consumer-notificationGroup-1, groupId=notificationGroup] Connection to node -1 (localhost/127.0.0.1:9092) could not be established. Broker may not be available.
2023-01-09 09:54:02.120  WARN 14368 --- [notificationGroup-0-C-1] org.apache.kafka.clients.NetworkClient   : [Consumer clientId=consumer-notificationGroup-1, groupId=notificationGroup] Bootstrap broker localhost:9092 (id: -1 rack: null) disconnected
2023-01-09 09:54:02.352  INFO 14368 --- [notificationGroup-0-C-1] org.apache.kafka.clients.NetworkClient   : [Consumer clientId=consumer-notificationGroup-1, groupId=notificationGroup] Node -1 disconnected.
2023-01-09 09:54:02.353  WARN 14368 --- [notificationGroup-0-C-1] org.apache.kafka.clients.NetworkClient   : [Consumer clientId=consumer-notificationGroup-1, groupId=notificationGroup] Connection to node -1 (localhost/127.0.0.1:9092) could not be established. Broker may not be available.
2023-01-09 09:54:02.353  WARN 14368 --- [notificationGroup-0-C-1] org.apache.kafka.clients.NetworkClient   : [Consumer clientId=consumer-notificationGroup-1, groupId=notificationGroup] Bootstrap broker localhost:9092 (id: -1 rack: null) disconnected
2023-01-09 09:54:02.775  INFO 14368 --- [notificationGroup-0-C-1] org.apache.kafka.clients.NetworkClient   : [Consumer clientId=consumer-notificationGroup-1, groupId=notificationGroup] Node -1 disconnected.
2023-01-09 09:54:02.775  WARN 14368 --- [notificationGroup-0-C-1] org.apache.kafka.clients.NetworkClient   : [Consumer clientId=consumer-notificationGroup-1, groupId=notificationGroup] Connection to node -1 (localhost/127.0.0.1:9092) could not be established. Broker may not be available.
2023-01-09 09:54:02.776  WARN 14368 --- [notificationGroup-0-C-1] org.apache.kafka.clients.NetworkClient   : [Consumer clientId=consumer-notificationGroup-1, groupId=notificationGroup] Bootstrap broker localhost:9092 (id: -1 rack: null) disconnected
2023-01-09 09:54:03.567  INFO 14368 --- [notificationGroup-0-C-1] org.apache.kafka.clients.NetworkClient   : [Consumer clientId=consumer-notificationGroup-1, groupId=notificationGroup] Node -1 disconnected.
2023-01-09 09:54:03.567  WARN 14368 --- [notificationGroup-0-C-1] org.apache.kafka.clients.NetworkClient   : [Consumer clientId=consumer-notificationGroup-1, groupId=notificationGroup] Connection to node -1 (localhost/127.0.0.1:9092) could not be established. Broker may not be available.
2023-01-09 09:54:03.567  WARN 14368 --- [notificationGroup-0-C-1] org.apache.kafka.clients.NetworkClient   : [Consumer clientId=consumer-notificationGroup-1, groupId=notificationGroup] Bootstrap broker localhost:9092 (id: -1 rack: null) disconnected
2023-01-09 09:54:04.610  INFO 14368 --- [notificationGroup-0-C-1] org.apache.kafka.clients.NetworkClient   : [Consumer clientId=consumer-notificationGroup-1, groupId=notificationGroup] Node -1 disconnected.
2023-01-09 09:54:04.611  WARN 14368 --- [notificationGroup-0-C-1] org.apache.kafka.clients.NetworkClient   : [Consumer clientId=consumer-notificationGroup-1, groupId=notificationGroup] Connection to node -1 (localhost/127.0.0.1:9092) could not be established. Broker may not be available.
2023-01-09 09:54:04.612  WARN 14368 --- [notificationGroup-0-C-1] org.apache.kafka.clients.NetworkClient   : [Consumer clientId=consumer-notificationGroup-1, groupId=notificationGroup] Bootstrap broker localhost:9092 (id: -1 rack: null) disconnected
2023-01-09 09:54:05.598  INFO 14368 --- [notificationGroup-0-C-1] org.apache.kafka.clients.NetworkClient   : [Consumer clientId=consumer-notificationGroup-1, groupId=notificationGroup] Node -1 disconnected.
2023-01-09 09:54:05.603  WARN 14368 --- [notificationGroup-0-C-1] org.apache.kafka.clients.NetworkClient   : [Consumer clientId=consumer-notificationGroup-1, groupId=notificationGroup] Connection to node -1 (localhost/127.0.0.1:9092) could not be established. Broker may not be available.
2023-01-09 09:54:05.604  WARN 14368 --- [notificationGroup-0-C-1] org.apache.kafka.clients.NetworkClient   : [Consumer clientId=consumer-notificationGroup-1, groupId=notificationGroup] Bootstrap broker localhost:9092 (id: -1 rack: null) disconnected
2023-01-09 09:54:06.460  INFO 14368 --- [notificationGroup-0-C-1] org.apache.kafka.clients.NetworkClient   : [Consumer clientId=consumer-notificationGroup-1, groupId=notificationGroup] Node -1 disconnected.
2023-01-09 09:54:06.461  WARN 14368 --- [notificationGroup-0-C-1] org.apache.kafka.clients.NetworkClient   : [Consumer clientId=consumer-notificationGroup-1, groupId=notificationGroup] Connection to node -1 (localhost/127.0.0.1:9092) could not be established. Broker may not be available.
2023-01-09 09:54:06.461  WARN 14368 --- [notificationGroup-0-C-1] org.apache.kafka.clients.NetworkClient   : [Consumer clientId=consumer-notificationGroup-1, groupId=notificationGroup] Bootstrap broker localhost:9092 (id: -1 rack: null) disconnected
2023-01-09 09:54:07.321  INFO 14368 --- [notificationGroup-0-C-1] org.apache.kafka.clients.NetworkClient   : [Consumer clientId=consumer-notificationGroup-1, groupId=notificationGroup] Node -1 disconnected.
2023-01-09 09:54:07.322  WARN 14368 --- [notificationGroup-0-C-1] org.apache.kafka.clients.NetworkClient   : [Consumer clientId=consumer-notificationGroup-1, groupId=notificationGroup] Connection to node -1 (localhost/127.0.0.1:9092) could not be established. Broker may not be available.
2023-01-09 09:54:07.322  WARN 14368 --- [notificationGroup-0-C-1] org.apache.kafka.clients.NetworkClient   : [Consumer clientId=consumer-notificationGroup-1, groupId=notificationGroup] Bootstrap broker localhost:9092 (id: -1 rack: null) disconnected
2023-01-09 09:54:08.431  INFO 14368 --- [notificationGroup-0-C-1] org.apache.kafka.clients.NetworkClient   : [Consumer clientId=consumer-notificationGroup-1, groupId=notificationGroup] Node -1 disconnected.
2023-01-09 09:54:08.432  WARN 14368 --- [notificationGroup-0-C-1] org.apache.kafka.clients.NetworkClient   : [Consumer clientId=consumer-notificationGroup-1, groupId=notificationGroup] Connection to node -1 (localhost/127.0.0.1:9092) could not be established. Broker may not be available.
2023-01-09 09:54:08.433  WARN 14368 --- [notificationGroup-0-C-1] org.apache.kafka.clients.NetworkClient   : [Consumer clientId=consumer-notificationGroup-1, groupId=notificationGroup] Bootstrap broker localhost:9092 (id: -1 rack: null) disconnected
2023-01-09 09:54:09.544  INFO 14368 --- [notificationGroup-0-C-1] org.apache.kafka.clients.NetworkClient   : [Consumer clientId=consumer-notificationGroup-1, groupId=notificationGroup] Node -1 disconnected.
2023-01-09 09:54:09.544  WARN 14368 --- [notificationGroup-0-C-1] org.apache.kafka.clients.NetworkClient   : [Consumer clientId=consumer-notificationGroup-1, groupId=notificationGroup] Connection to node -1 (localhost/127.0.0.1:9092) could not be established. Broker may not be available.
2023-01-09 09:54:09.544  WARN 14368 --- [notificationGroup-0-C-1] org.apache.kafka.clients.NetworkClient   : [Consumer clientId=consumer-notificationGroup-1, groupId=notificationGroup] Bootstrap broker localhost:9092 (id: -1 rack: null) disconnected
2023-01-09 09:54:10.662  INFO 14368 --- [notificationGroup-0-C-1] org.apache.kafka.clients.NetworkClient   : [Consumer clientId=consumer-notificationGroup-1, groupId=notificationGroup] Node -1 disconnected.
2023-01-09 09:54:10.662  WARN 14368 --- [notificationGroup-0-C-1] org.apache.kafka.clients.NetworkClient   : [Consumer clientId=consumer-notificationGroup-1, groupId=notificationGroup] Connection to node -1 (localhost/127.0.0.1:9092) could not be established. Broker may not be available.
2023-01-09 09:54:10.662  WARN 14368 --- [notificationGroup-0-C-1] org.apache.kafka.clients.NetworkClient   : [Consumer clientId=consumer-notificationGroup-1, groupId=notificationGroup] Bootstrap broker localhost:9092 (id: -1 rack: null) disconnected
2023-01-09 09:54:11.727  INFO 14368 --- [notificationGroup-0-C-1] org.apache.kafka.clients.NetworkClient   : [Consumer clientId=consumer-notificationGroup-1, groupId=notificationGroup] Node -1 disconnected.
2023-01-09 09:54:11.728  WARN 14368 --- [notificationGroup-0-C-1] org.apache.kafka.clients.NetworkClient   : [Consumer clientId=consumer-notificationGroup-1, groupId=notificationGroup] Connection to node -1 (localhost/127.0.0.1:9092) could not be established. Broker may not be available.
2023-01-09 09:54:11.728  WARN 14368 --- [notificationGroup-0-C-1] org.apache.kafka.clients.NetworkClient   : [Consumer clientId=consumer-notificationGroup-1, groupId=notificationGroup] Bootstrap broker localhost:9092 (id: -1 rack: null) disconnected
2023-01-09 09:54:12.710  INFO 14368 --- [notificationGroup-0-C-1] org.apache.kafka.clients.NetworkClient   : [Consumer clientId=consumer-notificationGroup-1, groupId=notificationGroup] Node -1 disconnected.
2023-01-09 09:54:12.711  WARN 14368 --- [notificationGroup-0-C-1] org.apache.kafka.clients.NetworkClient   : [Consumer clientId=consumer-notificationGroup-1, groupId=notificationGroup] Connection to node -1 (localhost/127.0.0.1:9092) could not be established. Broker may not be available.
2023-01-09 09:54:12.711  WARN 14368 --- [notificationGroup-0-C-1] org.apache.kafka.clients.NetworkClient   : [Consumer clientId=consumer-notificationGroup-1, groupId=notificationGroup] Bootstrap broker localhost:9092 (id: -1 rack: null) disconnected
2023-01-09 09:54:13.810  INFO 14368 --- [notificationGroup-0-C-1] org.apache.kafka.clients.NetworkClient   : [Consumer clientId=consumer-notificationGroup-1, groupId=notificationGroup] Node -1 disconnected.
2023-01-09 09:54:13.811  WARN 14368 --- [notificationGroup-0-C-1] org.apache.kafka.clients.NetworkClient   : [Consumer clientId=consumer-notificationGroup-1, groupId=notificationGroup] Connection to node -1 (localhost/127.0.0.1:9092) could not be established. Broker may not be available.
2023-01-09 09:54:13.812  WARN 14368 --- [notificationGroup-0-C-1] org.apache.kafka.clients.NetworkClient   : [Consumer clientId=consumer-notificationGroup-1, groupId=notificationGroup] Bootstrap broker localhost:9092 (id: -1 rack: null) disconnected
2023-01-09 09:54:14.734  INFO 14368 --- [notificationGroup-0-C-1] org.apache.kafka.clients.NetworkClient   : [Consumer clientId=consumer-notificationGroup-1, groupId=notificationGroup] Node -1 disconnected.
2023-01-09 09:54:14.735  WARN 14368 --- [notificationGroup-0-C-1] org.apache.kafka.clients.NetworkClient   : [Consumer clientId=consumer-notificationGroup-1, groupId=notificationGroup] Connection to node -1 (localhost/127.0.0.1:9092) could not be established. Broker may not be available.
2023-01-09 09:54:14.735  WARN 14368 --- [notificationGroup-0-C-1] org.apache.kafka.clients.NetworkClient   : [Consumer clientId=consumer-notificationGroup-1, groupId=notificationGroup] Bootstrap broker localhost:9092 (id: -1 rack: null) disconnected
2023-01-09 09:54:15.913  INFO 14368 --- [notificationGroup-0-C-1] org.apache.kafka.clients.NetworkClient   : [Consumer clientId=consumer-notificationGroup-1, groupId=notificationGroup] Node -1 disconnected.
2023-01-09 09:54:15.913  WARN 14368 --- [notificationGroup-0-C-1] org.apache.kafka.clients.NetworkClient   : [Consumer clientId=consumer-notificationGroup-1, groupId=notificationGroup] Connection to node -1 (localhost/127.0.0.1:9092) could not be established. Broker may not be available.
2023-01-09 09:54:15.914  WARN 14368 --- [notificationGroup-0-C-1] org.apache.kafka.clients.NetworkClient   : [Consumer clientId=consumer-notificationGroup-1, groupId=notificationGroup] Bootstrap broker localhost:9092 (id: -1 rack: null) disconnected
2023-01-09 09:54:16.740  INFO 14368 --- [notificationGroup-0-C-1] org.apache.kafka.clients.NetworkClient   : [Consumer clientId=consumer-notificationGroup-1, groupId=notificationGroup] Node -1 disconnected.
2023-01-09 09:54:16.740  WARN 14368 --- [notificationGroup-0-C-1] org.apache.kafka.clients.NetworkClient   : [Consumer clientId=consumer-notificationGroup-1, groupId=notificationGroup] Connection to node -1 (localhost/127.0.0.1:9092) could not be established. Broker may not be available.
2023-01-09 09:54:16.740  WARN 14368 --- [notificationGroup-0-C-1] org.apache.kafka.clients.NetworkClient   : [Consumer clientId=consumer-notificationGroup-1, groupId=notificationGroup] Bootstrap broker localhost:9092 (id: -1 rack: null) disconnected
2023-01-09 09:54:17.661  INFO 14368 --- [notificationGroup-0-C-1] org.apache.kafka.clients.NetworkClient   : [Consumer clientId=consumer-notificationGroup-1, groupId=notificationGroup] Node -1 disconnected.
2023-01-09 09:54:17.662  WARN 14368 --- [notificationGroup-0-C-1] org.apache.kafka.clients.NetworkClient   : [Consumer clientId=consumer-notificationGroup-1, groupId=notificationGroup] Connection to node -1 (localhost/127.0.0.1:9092) could not be established. Broker may not be available.
2023-01-09 09:54:17.662  WARN 14368 --- [notificationGroup-0-C-1] org.apache.kafka.clients.NetworkClient   : [Consumer clientId=consumer-notificationGroup-1, groupId=notificationGroup] Bootstrap broker localhost:9092 (id: -1 rack: null) disconnected
2023-01-09 09:54:18.512  INFO 14368 --- [notificationGroup-0-C-1] org.apache.kafka.clients.NetworkClient   : [Consumer clientId=consumer-notificationGroup-1, groupId=notificationGroup] Node -1 disconnected.
2023-01-09 09:54:18.513  WARN 14368 --- [notificationGroup-0-C-1] org.apache.kafka.clients.NetworkClient   : [Consumer clientId=consumer-notificationGroup-1, groupId=notificationGroup] Connection to node -1 (localhost/127.0.0.1:9092) could not be established. Broker may not be available.
2023-01-09 09:54:18.514  WARN 14368 --- [notificationGroup-0-C-1] org.apache.kafka.clients.NetworkClient   : [Consumer clientId=consumer-notificationGroup-1, groupId=notificationGroup] Bootstrap broker localhost:9092 (id: -1 rack: null) disconnected
2023-01-09 09:54:19.680  INFO 14368 --- [notificationGroup-0-C-1] org.apache.kafka.clients.NetworkClient   : [Consumer clientId=consumer-notificationGroup-1, groupId=notificationGroup] Node -1 disconnected.
2023-01-09 09:54:19.681  WARN 14368 --- [notificationGroup-0-C-1] org.apache.kafka.clients.NetworkClient   : [Consumer clientId=consumer-notificationGroup-1, groupId=notificationGroup] Connection to node -1 (localhost/127.0.0.1:9092) could not be established. Broker may not be available.
2023-01-09 09:54:19.682  WARN 14368 --- [notificationGroup-0-C-1] org.apache.kafka.clients.NetworkClient   : [Consumer clientId=consumer-notificationGroup-1, groupId=notificationGroup] Bootstrap broker localhost:9092 (id: -1 rack: null) disconnected
2023-01-09 09:54:20.847  INFO 14368 --- [notificationGroup-0-C-1] org.apache.kafka.clients.NetworkClient   : [Consumer clientId=consumer-notificationGroup-1, groupId=notificationGroup] Node -1 disconnected.
2023-01-09 09:54:20.848  WARN 14368 --- [notificationGroup-0-C-1] org.apache.kafka.clients.NetworkClient   : [Consumer clientId=consumer-notificationGroup-1, groupId=notificationGroup] Connection to node -1 (localhost/127.0.0.1:9092) could not be established. Broker may not be available.
2023-01-09 09:54:20.848  WARN 14368 --- [notificationGroup-0-C-1] org.apache.kafka.clients.NetworkClient   : [Consumer clientId=consumer-notificationGroup-1, groupId=notificationGroup] Bootstrap broker localhost:9092 (id: -1 rack: null) disconnected
2023-01-09 09:54:21.688  INFO 14368 --- [notificationGroup-0-C-1] org.apache.kafka.clients.NetworkClient   : [Consumer clientId=consumer-notificationGroup-1, groupId=notificationGroup] Node -1 disconnected.
2023-01-09 09:54:21.688  WARN 14368 --- [notificationGroup-0-C-1] org.apache.kafka.clients.NetworkClient   : [Consumer clientId=consumer-notificationGroup-1, groupId=notificationGroup] Connection to node -1 (localhost/127.0.0.1:9092) could not be established. Broker may not be available.
2023-01-09 09:54:21.689  WARN 14368 --- [notificationGroup-0-C-1] org.apache.kafka.clients.NetworkClient   : [Consumer clientId=consumer-notificationGroup-1, groupId=notificationGroup] Bootstrap broker localhost:9092 (id: -1 rack: null) disconnected
2023-01-09 09:54:22.616  INFO 14368 --- [notificationGroup-0-C-1] org.apache.kafka.clients.NetworkClient   : [Consumer clientId=consumer-notificationGroup-1, groupId=notificationGroup] Node -1 disconnected.
2023-01-09 09:54:22.616  WARN 14368 --- [notificationGroup-0-C-1] org.apache.kafka.clients.NetworkClient   : [Consumer clientId=consumer-notificationGroup-1, groupId=notificationGroup] Connection to node -1 (localhost/127.0.0.1:9092) could not be established. Broker may not be available.
2023-01-09 09:54:22.616  WARN 14368 --- [notificationGroup-0-C-1] org.apache.kafka.clients.NetworkClient   : [Consumer clientId=consumer-notificationGroup-1, groupId=notificationGroup] Bootstrap broker localhost:9092 (id: -1 rack: null) disconnected
2023-01-09 09:54:23.533  INFO 14368 --- [notificationGroup-0-C-1] org.apache.kafka.clients.NetworkClient   : [Consumer clientId=consumer-notificationGroup-1, groupId=notificationGroup] Node -1 disconnected.
2023-01-09 09:54:23.535  WARN 14368 --- [notificationGroup-0-C-1] org.apache.kafka.clients.NetworkClient   : [Consumer clientId=consumer-notificationGroup-1, groupId=notificationGroup] Connection to node -1 (localhost/127.0.0.1:9092) could not be established. Broker may not be available.
2023-01-09 09:54:23.535  WARN 14368 --- [notificationGroup-0-C-1] org.apache.kafka.clients.NetworkClient   : [Consumer clientId=consumer-notificationGroup-1, groupId=notificationGroup] Bootstrap broker localhost:9092 (id: -1 rack: null) disconnected
2023-01-09 09:54:24.641  INFO 14368 --- [notificationGroup-0-C-1] org.apache.kafka.clients.NetworkClient   : [Consumer clientId=consumer-notificationGroup-1, groupId=notificationGroup] Node -1 disconnected.
2023-01-09 09:54:24.641  WARN 14368 --- [notificationGroup-0-C-1] org.apache.kafka.clients.NetworkClient   : [Consumer clientId=consumer-notificationGroup-1, groupId=notificationGroup] Connection to node -1 (localhost/127.0.0.1:9092) could not be established. Broker may not be available.
2023-01-09 09:54:24.642  WARN 14368 --- [notificationGroup-0-C-1] org.apache.kafka.clients.NetworkClient   : [Consumer clientId=consumer-notificationGroup-1, groupId=notificationGroup] Bootstrap broker localhost:9092 (id: -1 rack: null) disconnected
2023-01-09 09:54:25.875  INFO 14368 --- [notificationGroup-0-C-1] org.apache.kafka.clients.NetworkClient   : [Consumer clientId=consumer-notificationGroup-1, groupId=notificationGroup] Node -1 disconnected.
2023-01-09 09:54:25.876  WARN 14368 --- [notificationGroup-0-C-1] org.apache.kafka.clients.NetworkClient   : [Consumer clientId=consumer-notificationGroup-1, groupId=notificationGroup] Connection to node -1 (localhost/127.0.0.1:9092) could not be established. Broker may not be available.
2023-01-09 09:54:25.876  WARN 14368 --- [notificationGroup-0-C-1] org.apache.kafka.clients.NetworkClient   : [Consumer clientId=consumer-notificationGroup-1, groupId=notificationGroup] Bootstrap broker localhost:9092 (id: -1 rack: null) disconnected
2023-01-09 09:54:27.128  INFO 14368 --- [notificationGroup-0-C-1] org.apache.kafka.clients.NetworkClient   : [Consumer clientId=consumer-notificationGroup-1, groupId=notificationGroup] Node -1 disconnected.
2023-01-09 09:54:27.129  WARN 14368 --- [notificationGroup-0-C-1] org.apache.kafka.clients.NetworkClient   : [Consumer clientId=consumer-notificationGroup-1, groupId=notificationGroup] Connection to node -1 (localhost/127.0.0.1:9092) could not be established. Broker may not be available.
2023-01-09 09:54:27.129  WARN 14368 --- [notificationGroup-0-C-1] org.apache.kafka.clients.NetworkClient   : [Consumer clientId=consumer-notificationGroup-1, groupId=notificationGroup] Bootstrap broker localhost:9092 (id: -1 rack: null) disconnected
2023-01-09 09:54:27.990  INFO 14368 --- [notificationGroup-0-C-1] org.apache.kafka.clients.NetworkClient   : [Consumer clientId=consumer-notificationGroup-1, groupId=notificationGroup] Node -1 disconnected.
2023-01-09 09:54:27.991  WARN 14368 --- [notificationGroup-0-C-1] org.apache.kafka.clients.NetworkClient   : [Consumer clientId=consumer-notificationGroup-1, groupId=notificationGroup] Connection to node -1 (localhost/127.0.0.1:9092) could not be established. Broker may not be available.
2023-01-09 09:54:27.991  WARN 14368 --- [notificationGroup-0-C-1] org.apache.kafka.clients.NetworkClient   : [Consumer clientId=consumer-notificationGroup-1, groupId=notificationGroup] Bootstrap broker localhost:9092 (id: -1 rack: null) disconnected
2023-01-09 09:54:29.030  INFO 14368 --- [notificationGroup-0-C-1] org.apache.kafka.clients.NetworkClient   : [Consumer clientId=consumer-notificationGroup-1, groupId=notificationGroup] Node -1 disconnected.
2023-01-09 09:54:29.031  WARN 14368 --- [notificationGroup-0-C-1] org.apache.kafka.clients.NetworkClient   : [Consumer clientId=consumer-notificationGroup-1, groupId=notificationGroup] Connection to node -1 (localhost/127.0.0.1:9092) could not be established. Broker may not be available.
2023-01-09 09:54:29.031  WARN 14368 --- [notificationGroup-0-C-1] org.apache.kafka.clients.NetworkClient   : [Consumer clientId=consumer-notificationGroup-1, groupId=notificationGroup] Bootstrap broker localhost:9092 (id: -1 rack: null) disconnected
2023-01-09 09:54:30.203  INFO 14368 --- [notificationGroup-0-C-1] org.apache.kafka.clients.NetworkClient   : [Consumer clientId=consumer-notificationGroup-1, groupId=notificationGroup] Node -1 disconnected.
2023-01-09 09:54:30.203  WARN 14368 --- [notificationGroup-0-C-1] org.apache.kafka.clients.NetworkClient   : [Consumer clientId=consumer-notificationGroup-1, groupId=notificationGroup] Connection to node -1 (localhost/127.0.0.1:9092) could not be established. Broker may not be available.
2023-01-09 09:54:30.204  WARN 14368 --- [notificationGroup-0-C-1] org.apache.kafka.clients.NetworkClient   : [Consumer clientId=consumer-notificationGroup-1, groupId=notificationGroup] Bootstrap broker localhost:9092 (id: -1 rack: null) disconnected
2023-01-09 09:54:31.381  INFO 14368 --- [notificationGroup-0-C-1] org.apache.kafka.clients.NetworkClient   : [Consumer clientId=consumer-notificationGroup-1, groupId=notificationGroup] Node -1 disconnected.
2023-01-09 09:54:31.381  WARN 14368 --- [notificationGroup-0-C-1] org.apache.kafka.clients.NetworkClient   : [Consumer clientId=consumer-notificationGroup-1, groupId=notificationGroup] Connection to node -1 (localhost/127.0.0.1:9092) could not be established. Broker may not be available.
2023-01-09 09:54:31.381  WARN 14368 --- [notificationGroup-0-C-1] org.apache.kafka.clients.NetworkClient   : [Consumer clientId=consumer-notificationGroup-1, groupId=notificationGroup] Bootstrap broker localhost:9092 (id: -1 rack: null) disconnected
2023-01-09 09:54:32.362  INFO 14368 --- [notificationGroup-0-C-1] org.apache.kafka.clients.NetworkClient   : [Consumer clientId=consumer-notificationGroup-1, groupId=notificationGroup] Node -1 disconnected.
2023-01-09 09:54:32.363  WARN 14368 --- [notificationGroup-0-C-1] org.apache.kafka.clients.NetworkClient   : [Consumer clientId=consumer-notificationGroup-1, groupId=notificationGroup] Connection to node -1 (localhost/127.0.0.1:9092) could not be established. Broker may not be available.
2023-01-09 09:54:32.364  WARN 14368 --- [notificationGroup-0-C-1] org.apache.kafka.clients.NetworkClient   : [Consumer clientId=consumer-notificationGroup-1, groupId=notificationGroup] Bootstrap broker localhost:9092 (id: -1 rack: null) disconnected
2023-01-09 09:54:33.220  INFO 14368 --- [notificationGroup-0-C-1] org.apache.kafka.clients.NetworkClient   : [Consumer clientId=consumer-notificationGroup-1, groupId=notificationGroup] Node -1 disconnected.
2023-01-09 09:54:33.221  WARN 14368 --- [notificationGroup-0-C-1] org.apache.kafka.clients.NetworkClient   : [Consumer clientId=consumer-notificationGroup-1, groupId=notificationGroup] Connection to node -1 (localhost/127.0.0.1:9092) could not be established. Broker may not be available.
2023-01-09 09:54:33.221  WARN 14368 --- [notificationGroup-0-C-1] org.apache.kafka.clients.NetworkClient   : [Consumer clientId=consumer-notificationGroup-1, groupId=notificationGroup] Bootstrap broker localhost:9092 (id: -1 rack: null) disconnected
2023-01-09 09:54:34.334  INFO 14368 --- [notificationGroup-0-C-1] org.apache.kafka.clients.NetworkClient   : [Consumer clientId=consumer-notificationGroup-1, groupId=notificationGroup] Node -1 disconnected.
2023-01-09 09:54:34.335  WARN 14368 --- [notificationGroup-0-C-1] org.apache.kafka.clients.NetworkClient   : [Consumer clientId=consumer-notificationGroup-1, groupId=notificationGroup] Connection to node -1 (localhost/127.0.0.1:9092) could not be established. Broker may not be available.
2023-01-09 09:54:34.335  WARN 14368 --- [notificationGroup-0-C-1] org.apache.kafka.clients.NetworkClient   : [Consumer clientId=consumer-notificationGroup-1, groupId=notificationGroup] Bootstrap broker localhost:9092 (id: -1 rack: null) disconnected
2023-01-09 09:54:35.253  INFO 14368 --- [notificationGroup-0-C-1] org.apache.kafka.clients.NetworkClient   : [Consumer clientId=consumer-notificationGroup-1, groupId=notificationGroup] Node -1 disconnected.
2023-01-09 09:54:35.254  WARN 14368 --- [notificationGroup-0-C-1] org.apache.kafka.clients.NetworkClient   : [Consumer clientId=consumer-notificationGroup-1, groupId=notificationGroup] Connection to node -1 (localhost/127.0.0.1:9092) could not be established. Broker may not be available.
2023-01-09 09:54:35.254  WARN 14368 --- [notificationGroup-0-C-1] org.apache.kafka.clients.NetworkClient   : [Consumer clientId=consumer-notificationGroup-1, groupId=notificationGroup] Bootstrap broker localhost:9092 (id: -1 rack: null) disconnected
2023-01-09 09:54:35.819  INFO 14368 --- [notificationGroup-0-C-1] o.a.k.c.c.internals.ConsumerCoordinator  : [Consumer clientId=consumer-notificationGroup-1, groupId=notificationGroup] Resetting generation due to: consumer pro-actively leaving the group
2023-01-09 09:54:35.819  INFO 14368 --- [notificationGroup-0-C-1] o.a.k.c.c.internals.ConsumerCoordinator  : [Consumer clientId=consumer-notificationGroup-1, groupId=notificationGroup] Request joining group due to: consumer pro-actively leaving the group
2023-01-09 09:54:35.819  INFO 14368 --- [notificationGroup-0-C-1] o.a.k.clients.consumer.KafkaConsumer     : [Consumer clientId=consumer-notificationGroup-1, groupId=notificationGroup] Unsubscribed all topics or patterns and assigned partitions
2023-01-09 09:54:35.820  INFO 14368 --- [notificationGroup-0-C-1] o.a.k.c.c.internals.ConsumerCoordinator  : [Consumer clientId=consumer-notificationGroup-1, groupId=notificationGroup] Resetting generation due to: consumer pro-actively leaving the group
2023-01-09 09:54:35.820  INFO 14368 --- [notificationGroup-0-C-1] o.a.k.c.c.internals.ConsumerCoordinator  : [Consumer clientId=consumer-notificationGroup-1, groupId=notificationGroup] Request joining group due to: consumer pro-actively leaving the group
2023-01-09 09:54:35.821  INFO 14368 --- [notificationGroup-0-C-1] org.apache.kafka.common.metrics.Metrics  : Metrics scheduler closed
2023-01-09 09:54:35.821  INFO 14368 --- [notificationGroup-0-C-1] org.apache.kafka.common.metrics.Metrics  : Closing reporter org.apache.kafka.common.metrics.JmxReporter
2023-01-09 09:54:35.821  INFO 14368 --- [notificationGroup-0-C-1] org.apache.kafka.common.metrics.Metrics  : Metrics reporters closed
2023-01-09 09:54:35.824  INFO 14368 --- [notificationGroup-0-C-1] o.a.kafka.common.utils.AppInfoParser     : App info kafka.consumer for consumer-notificationGroup-1 unregistered
2023-01-09 09:54:35.825  INFO 14368 --- [notificationGroup-0-C-1] o.s.k.l.KafkaMessageListenerContainer    : notificationGroup: Consumer stopped
2023-01-09 09:54:35.831  INFO 14368 --- [SpringApplicationShutdownHook] j.LocalContainerEntityManagerFactoryBean : Closing JPA EntityManagerFactory for persistence unit 'default'
2023-01-09 09:54:35.835  INFO 14368 --- [SpringApplicationShutdownHook] com.zaxxer.hikari.HikariDataSource       : HikariPool-1 - Shutdown initiated...
2023-01-09 09:54:35.845  INFO 14368 --- [SpringApplicationShutdownHook] com.zaxxer.hikari.HikariDataSource       : HikariPool-1 - Shutdown completed.
