2022-12-23 17:15:00.476  INFO 17476 --- [restartedMain] jmaster.io.project2.Project2Application  : Starting Project2Application using Java 17.0.5 on CuongVu with PID 17476 (C:\Users\cuong\OneDrive\Desktop\KhoaHocSpring_JMaster\spring\project2\target\classes started by CuongVu in C:\Users\cuong\OneDrive\Desktop\KhoaHocSpring_JMaster\spring\project2)
2022-12-23 17:15:00.478  INFO 17476 --- [restartedMain] jmaster.io.project2.Project2Application  : No active profile set, falling back to 1 default profile: "default"
2022-12-23 17:15:00.544  INFO 17476 --- [restartedMain] .e.DevToolsPropertyDefaultsPostProcessor : Devtools property defaults active! Set 'spring.devtools.add-properties' to 'false' to disable
2022-12-23 17:15:00.544  INFO 17476 --- [restartedMain] .e.DevToolsPropertyDefaultsPostProcessor : For additional web related logging consider setting the 'logging.level.web' property to 'DEBUG'
2022-12-23 17:15:01.359  INFO 17476 --- [restartedMain] .s.d.r.c.RepositoryConfigurationDelegate : Bootstrapping Spring Data JPA repositories in DEFAULT mode.
2022-12-23 17:15:01.379  INFO 17476 --- [restartedMain] .s.d.r.c.RepositoryConfigurationDelegate : Finished Spring Data repository scanning in 6 ms. Found 0 JPA repository interfaces.
2022-12-23 17:15:02.048  INFO 17476 --- [restartedMain] o.s.b.w.embedded.tomcat.TomcatWebServer  : Tomcat initialized with port(s): 8080 (http)
2022-12-23 17:15:02.057  INFO 17476 --- [restartedMain] o.apache.catalina.core.StandardService   : Starting service [Tomcat]
2022-12-23 17:15:02.058  INFO 17476 --- [restartedMain] org.apache.catalina.core.StandardEngine  : Starting Servlet engine: [Apache Tomcat/9.0.70]
2022-12-23 17:15:02.161  INFO 17476 --- [restartedMain] o.a.c.c.C.[Tomcat].[localhost].[/]       : Initializing Spring embedded WebApplicationContext
2022-12-23 17:15:02.161  INFO 17476 --- [restartedMain] w.s.c.ServletWebServerApplicationContext : Root WebApplicationContext: initialization completed in 1609 ms
2022-12-23 17:15:02.312  INFO 17476 --- [restartedMain] com.zaxxer.hikari.HikariDataSource       : HikariPool-1 - Starting...
2022-12-23 17:15:02.700  INFO 17476 --- [restartedMain] com.zaxxer.hikari.HikariDataSource       : HikariPool-1 - Start completed.
2022-12-23 17:15:02.762  INFO 17476 --- [restartedMain] o.hibernate.jpa.internal.util.LogHelper  : HHH000204: Processing PersistenceUnitInfo [name: default]
2022-12-23 17:15:02.881  INFO 17476 --- [restartedMain] org.hibernate.Version                    : HHH000412: Hibernate ORM core version 5.6.14.Final
2022-12-23 17:15:03.139  INFO 17476 --- [restartedMain] o.hibernate.annotations.common.Version   : HCANN000001: Hibernate Commons Annotations {5.1.2.Final}
2022-12-23 17:15:03.308  INFO 17476 --- [restartedMain] org.hibernate.dialect.Dialect            : HHH000400: Using dialect: org.hibernate.dialect.MySQL8Dialect
2022-12-23 17:15:03.654  INFO 17476 --- [restartedMain] o.h.e.t.j.p.i.JtaPlatformInitiator       : HHH000490: Using JtaPlatform implementation: [org.hibernate.engine.transaction.jta.platform.internal.NoJtaPlatform]
2022-12-23 17:15:03.666  INFO 17476 --- [restartedMain] j.LocalContainerEntityManagerFactoryBean : Initialized JPA EntityManagerFactory for persistence unit 'default'
2022-12-23 17:15:03.734  WARN 17476 --- [restartedMain] JpaBaseConfiguration$JpaWebConfiguration : spring.jpa.open-in-view is enabled by default. Therefore, database queries may be performed during view rendering. Explicitly configure spring.jpa.open-in-view to disable this warning
2022-12-23 17:15:04.087  WARN 17476 --- [restartedMain] ion$DefaultTemplateResolverConfiguration : Cannot find template location: classpath:/templates/ (please add some templates, check your Thymeleaf configuration, or set spring.thymeleaf.check-template-location=false)
2022-12-23 17:15:04.191  INFO 17476 --- [restartedMain] o.s.b.d.a.OptionalLiveReloadServer       : LiveReload server is running on port 35729
2022-12-23 17:15:04.233  INFO 17476 --- [restartedMain] o.s.b.w.embedded.tomcat.TomcatWebServer  : Tomcat started on port(s): 8080 (http) with context path ''
2022-12-23 17:15:04.247  INFO 17476 --- [restartedMain] jmaster.io.project2.Project2Application  : Started Project2Application in 4.328 seconds (JVM running for 5.318)
2022-12-23 17:15:15.585  INFO 17476 --- [http-nio-8080-exec-1] o.a.c.c.C.[Tomcat].[localhost].[/]       : Initializing Spring DispatcherServlet 'dispatcherServlet'
2022-12-23 17:15:15.585  INFO 17476 --- [http-nio-8080-exec-1] o.s.web.servlet.DispatcherServlet        : Initializing Servlet 'dispatcherServlet'
2022-12-23 17:15:15.586  INFO 17476 --- [http-nio-8080-exec-1] o.s.web.servlet.DispatcherServlet        : Completed initialization in 1 ms
2022-12-23 17:16:37.853  INFO 17476 --- [SpringApplicationShutdownHook] j.LocalContainerEntityManagerFactoryBean : Closing JPA EntityManagerFactory for persistence unit 'default'
2022-12-23 17:16:37.866  INFO 17476 --- [SpringApplicationShutdownHook] com.zaxxer.hikari.HikariDataSource       : HikariPool-1 - Shutdown initiated...
2022-12-23 17:16:37.879  INFO 17476 --- [SpringApplicationShutdownHook] com.zaxxer.hikari.HikariDataSource       : HikariPool-1 - Shutdown completed.
2022-12-23 17:16:42.307  INFO 19144 --- [restartedMain] jmaster.io.project2.Project2Application  : Starting Project2Application using Java 17.0.5 on CuongVu with PID 19144 (C:\Users\cuong\OneDrive\Desktop\KhoaHocSpring_JMaster\spring\project2\target\classes started by CuongVu in C:\Users\cuong\OneDrive\Desktop\KhoaHocSpring_JMaster\spring\project2)
2022-12-23 17:16:42.309  INFO 19144 --- [restartedMain] jmaster.io.project2.Project2Application  : No active profile set, falling back to 1 default profile: "default"
2022-12-23 17:16:42.390  INFO 19144 --- [restartedMain] .e.DevToolsPropertyDefaultsPostProcessor : Devtools property defaults active! Set 'spring.devtools.add-properties' to 'false' to disable
2022-12-23 17:16:42.391  INFO 19144 --- [restartedMain] .e.DevToolsPropertyDefaultsPostProcessor : For additional web related logging consider setting the 'logging.level.web' property to 'DEBUG'
2022-12-23 17:16:43.184  INFO 19144 --- [restartedMain] .s.d.r.c.RepositoryConfigurationDelegate : Bootstrapping Spring Data JPA repositories in DEFAULT mode.
2022-12-23 17:16:43.204  INFO 19144 --- [restartedMain] .s.d.r.c.RepositoryConfigurationDelegate : Finished Spring Data repository scanning in 5 ms. Found 0 JPA repository interfaces.
2022-12-23 17:16:43.905  INFO 19144 --- [restartedMain] o.s.b.w.embedded.tomcat.TomcatWebServer  : Tomcat initialized with port(s): 8080 (http)
2022-12-23 17:16:43.914  INFO 19144 --- [restartedMain] o.apache.catalina.core.StandardService   : Starting service [Tomcat]
2022-12-23 17:16:43.914  INFO 19144 --- [restartedMain] org.apache.catalina.core.StandardEngine  : Starting Servlet engine: [Apache Tomcat/9.0.70]
2022-12-23 17:16:44.002  INFO 19144 --- [restartedMain] o.a.c.c.C.[Tomcat].[localhost].[/]       : Initializing Spring embedded WebApplicationContext
2022-12-23 17:16:44.002  INFO 19144 --- [restartedMain] w.s.c.ServletWebServerApplicationContext : Root WebApplicationContext: initialization completed in 1610 ms
2022-12-23 17:16:44.127  INFO 19144 --- [restartedMain] com.zaxxer.hikari.HikariDataSource       : HikariPool-1 - Starting...
2022-12-23 17:16:44.488  INFO 19144 --- [restartedMain] com.zaxxer.hikari.HikariDataSource       : HikariPool-1 - Start completed.
2022-12-23 17:16:44.533  INFO 19144 --- [restartedMain] o.hibernate.jpa.internal.util.LogHelper  : HHH000204: Processing PersistenceUnitInfo [name: default]
2022-12-23 17:16:44.590  INFO 19144 --- [restartedMain] org.hibernate.Version                    : HHH000412: Hibernate ORM core version 5.6.14.Final
2022-12-23 17:16:44.854  INFO 19144 --- [restartedMain] o.hibernate.annotations.common.Version   : HCANN000001: Hibernate Commons Annotations {5.1.2.Final}
2022-12-23 17:16:44.974  INFO 19144 --- [restartedMain] org.hibernate.dialect.Dialect            : HHH000400: Using dialect: org.hibernate.dialect.MySQL8Dialect
2022-12-23 17:16:45.227  INFO 19144 --- [restartedMain] o.h.e.t.j.p.i.JtaPlatformInitiator       : HHH000490: Using JtaPlatform implementation: [org.hibernate.engine.transaction.jta.platform.internal.NoJtaPlatform]
2022-12-23 17:16:45.236  INFO 19144 --- [restartedMain] j.LocalContainerEntityManagerFactoryBean : Initialized JPA EntityManagerFactory for persistence unit 'default'
2022-12-23 17:16:45.300  WARN 19144 --- [restartedMain] JpaBaseConfiguration$JpaWebConfiguration : spring.jpa.open-in-view is enabled by default. Therefore, database queries may be performed during view rendering. Explicitly configure spring.jpa.open-in-view to disable this warning
2022-12-23 17:16:45.618  WARN 19144 --- [restartedMain] ion$DefaultTemplateResolverConfiguration : Cannot find template location: classpath:/templates/ (please add some templates, check your Thymeleaf configuration, or set spring.thymeleaf.check-template-location=false)
2022-12-23 17:16:45.735  INFO 19144 --- [restartedMain] o.s.b.d.a.OptionalLiveReloadServer       : LiveReload server is running on port 35729
2022-12-23 17:16:45.776  INFO 19144 --- [restartedMain] o.s.b.w.embedded.tomcat.TomcatWebServer  : Tomcat started on port(s): 8080 (http) with context path ''
2022-12-23 17:16:45.788  INFO 19144 --- [restartedMain] jmaster.io.project2.Project2Application  : Started Project2Application in 4.008 seconds (JVM running for 5.005)
2022-12-23 17:16:51.113  INFO 19144 --- [http-nio-8080-exec-1] o.a.c.c.C.[Tomcat].[localhost].[/]       : Initializing Spring DispatcherServlet 'dispatcherServlet'
2022-12-23 17:16:51.113  INFO 19144 --- [http-nio-8080-exec-1] o.s.web.servlet.DispatcherServlet        : Initializing Servlet 'dispatcherServlet'
2022-12-23 17:16:51.115  INFO 19144 --- [http-nio-8080-exec-1] o.s.web.servlet.DispatcherServlet        : Completed initialization in 1 ms
2022-12-23 17:19:05.136  INFO 19144 --- [SpringApplicationShutdownHook] j.LocalContainerEntityManagerFactoryBean : Closing JPA EntityManagerFactory for persistence unit 'default'
2022-12-23 17:19:05.139  INFO 19144 --- [SpringApplicationShutdownHook] com.zaxxer.hikari.HikariDataSource       : HikariPool-1 - Shutdown initiated...
2022-12-23 17:19:05.148  INFO 19144 --- [SpringApplicationShutdownHook] com.zaxxer.hikari.HikariDataSource       : HikariPool-1 - Shutdown completed.
2022-12-23 17:19:13.651  INFO 18328 --- [restartedMain] jmaster.io.project2.Project2Application  : Starting Project2Application using Java 17.0.5 on CuongVu with PID 18328 (C:\Users\cuong\OneDrive\Desktop\KhoaHocSpring_JMaster\spring\project2\target\classes started by CuongVu in C:\Users\cuong\OneDrive\Desktop\KhoaHocSpring_JMaster\spring\project2)
2022-12-23 17:19:13.653  INFO 18328 --- [restartedMain] jmaster.io.project2.Project2Application  : No active profile set, falling back to 1 default profile: "default"
2022-12-23 17:19:13.731  INFO 18328 --- [restartedMain] .e.DevToolsPropertyDefaultsPostProcessor : Devtools property defaults active! Set 'spring.devtools.add-properties' to 'false' to disable
2022-12-23 17:19:13.731  INFO 18328 --- [restartedMain] .e.DevToolsPropertyDefaultsPostProcessor : For additional web related logging consider setting the 'logging.level.web' property to 'DEBUG'
2022-12-23 17:19:14.702  INFO 18328 --- [restartedMain] .s.d.r.c.RepositoryConfigurationDelegate : Bootstrapping Spring Data JPA repositories in DEFAULT mode.
2022-12-23 17:19:14.724  INFO 18328 --- [restartedMain] .s.d.r.c.RepositoryConfigurationDelegate : Finished Spring Data repository scanning in 6 ms. Found 0 JPA repository interfaces.
2022-12-23 17:19:15.400  INFO 18328 --- [restartedMain] o.s.b.w.embedded.tomcat.TomcatWebServer  : Tomcat initialized with port(s): 8080 (http)
2022-12-23 17:19:15.409  INFO 18328 --- [restartedMain] o.apache.catalina.core.StandardService   : Starting service [Tomcat]
2022-12-23 17:19:15.410  INFO 18328 --- [restartedMain] org.apache.catalina.core.StandardEngine  : Starting Servlet engine: [Apache Tomcat/9.0.70]
2022-12-23 17:19:15.513  INFO 18328 --- [restartedMain] o.a.c.c.C.[Tomcat].[localhost].[/]       : Initializing Spring embedded WebApplicationContext
2022-12-23 17:19:15.514  INFO 18328 --- [restartedMain] w.s.c.ServletWebServerApplicationContext : Root WebApplicationContext: initialization completed in 1782 ms
2022-12-23 17:19:15.649  INFO 18328 --- [restartedMain] com.zaxxer.hikari.HikariDataSource       : HikariPool-1 - Starting...
2022-12-23 17:19:16.018  INFO 18328 --- [restartedMain] com.zaxxer.hikari.HikariDataSource       : HikariPool-1 - Start completed.
2022-12-23 17:19:16.064  INFO 18328 --- [restartedMain] o.hibernate.jpa.internal.util.LogHelper  : HHH000204: Processing PersistenceUnitInfo [name: default]
2022-12-23 17:19:16.119  INFO 18328 --- [restartedMain] org.hibernate.Version                    : HHH000412: Hibernate ORM core version 5.6.14.Final
2022-12-23 17:19:16.385  INFO 18328 --- [restartedMain] o.hibernate.annotations.common.Version   : HCANN000001: Hibernate Commons Annotations {5.1.2.Final}
2022-12-23 17:19:16.507  INFO 18328 --- [restartedMain] org.hibernate.dialect.Dialect            : HHH000400: Using dialect: org.hibernate.dialect.MySQL8Dialect
2022-12-23 17:19:16.764  INFO 18328 --- [restartedMain] o.h.e.t.j.p.i.JtaPlatformInitiator       : HHH000490: Using JtaPlatform implementation: [org.hibernate.engine.transaction.jta.platform.internal.NoJtaPlatform]
2022-12-23 17:19:16.776  INFO 18328 --- [restartedMain] j.LocalContainerEntityManagerFactoryBean : Initialized JPA EntityManagerFactory for persistence unit 'default'
2022-12-23 17:19:16.976  WARN 18328 --- [restartedMain] JpaBaseConfiguration$JpaWebConfiguration : spring.jpa.open-in-view is enabled by default. Therefore, database queries may be performed during view rendering. Explicitly configure spring.jpa.open-in-view to disable this warning
2022-12-23 17:19:17.869  WARN 18328 --- [restartedMain] ion$DefaultTemplateResolverConfiguration : Cannot find template location: classpath:/templates/ (please add some templates, check your Thymeleaf configuration, or set spring.thymeleaf.check-template-location=false)
2022-12-23 17:19:18.063  INFO 18328 --- [restartedMain] o.s.b.d.a.OptionalLiveReloadServer       : LiveReload server is running on port 35729
2022-12-23 17:19:18.122  INFO 18328 --- [restartedMain] o.s.b.w.embedded.tomcat.TomcatWebServer  : Tomcat started on port(s): 8080 (http) with context path ''
2022-12-23 17:19:18.140  INFO 18328 --- [restartedMain] jmaster.io.project2.Project2Application  : Started Project2Application in 5.036 seconds (JVM running for 6.194)
2022-12-23 17:19:22.180  INFO 18328 --- [http-nio-8080-exec-1] o.a.c.c.C.[Tomcat].[localhost].[/]       : Initializing Spring DispatcherServlet 'dispatcherServlet'
2022-12-23 17:19:22.180  INFO 18328 --- [http-nio-8080-exec-1] o.s.web.servlet.DispatcherServlet        : Initializing Servlet 'dispatcherServlet'
2022-12-23 17:19:22.183  INFO 18328 --- [http-nio-8080-exec-1] o.s.web.servlet.DispatcherServlet        : Completed initialization in 3 ms
2022-12-23 17:19:22.953  INFO 18328 --- [http-nio-8080-exec-10] o.springdoc.api.AbstractOpenApiResource  : Init duration for springdoc-openapi is: 133 ms
2022-12-23 17:19:46.727  INFO 18328 --- [SpringApplicationShutdownHook] j.LocalContainerEntityManagerFactoryBean : Closing JPA EntityManagerFactory for persistence unit 'default'
2022-12-23 17:19:46.730  INFO 18328 --- [SpringApplicationShutdownHook] com.zaxxer.hikari.HikariDataSource       : HikariPool-1 - Shutdown initiated...
2022-12-23 17:19:46.741  INFO 18328 --- [SpringApplicationShutdownHook] com.zaxxer.hikari.HikariDataSource       : HikariPool-1 - Shutdown completed.
2022-12-23 17:19:51.408  INFO 3016 --- [restartedMain] jmaster.io.project2.Project2Application  : Starting Project2Application using Java 17.0.5 on CuongVu with PID 3016 (C:\Users\cuong\OneDrive\Desktop\KhoaHocSpring_JMaster\spring\project2\target\classes started by CuongVu in C:\Users\cuong\OneDrive\Desktop\KhoaHocSpring_JMaster\spring\project2)
2022-12-23 17:19:51.411  INFO 3016 --- [restartedMain] jmaster.io.project2.Project2Application  : No active profile set, falling back to 1 default profile: "default"
2022-12-23 17:19:51.485  INFO 3016 --- [restartedMain] .e.DevToolsPropertyDefaultsPostProcessor : Devtools property defaults active! Set 'spring.devtools.add-properties' to 'false' to disable
2022-12-23 17:19:51.485  INFO 3016 --- [restartedMain] .e.DevToolsPropertyDefaultsPostProcessor : For additional web related logging consider setting the 'logging.level.web' property to 'DEBUG'
2022-12-23 17:19:52.374  INFO 3016 --- [restartedMain] .s.d.r.c.RepositoryConfigurationDelegate : Bootstrapping Spring Data JPA repositories in DEFAULT mode.
2022-12-23 17:19:52.395  INFO 3016 --- [restartedMain] .s.d.r.c.RepositoryConfigurationDelegate : Finished Spring Data repository scanning in 5 ms. Found 0 JPA repository interfaces.
2022-12-23 17:19:53.123  INFO 3016 --- [restartedMain] o.s.b.w.embedded.tomcat.TomcatWebServer  : Tomcat initialized with port(s): 8080 (http)
2022-12-23 17:19:53.133  INFO 3016 --- [restartedMain] o.apache.catalina.core.StandardService   : Starting service [Tomcat]
2022-12-23 17:19:53.134  INFO 3016 --- [restartedMain] org.apache.catalina.core.StandardEngine  : Starting Servlet engine: [Apache Tomcat/9.0.70]
2022-12-23 17:19:53.246  INFO 3016 --- [restartedMain] o.a.c.c.C.[Tomcat].[localhost].[/]       : Initializing Spring embedded WebApplicationContext
2022-12-23 17:19:53.246  INFO 3016 --- [restartedMain] w.s.c.ServletWebServerApplicationContext : Root WebApplicationContext: initialization completed in 1760 ms
2022-12-23 17:19:53.386  INFO 3016 --- [restartedMain] com.zaxxer.hikari.HikariDataSource       : HikariPool-1 - Starting...
2022-12-23 17:19:53.759  INFO 3016 --- [restartedMain] com.zaxxer.hikari.HikariDataSource       : HikariPool-1 - Start completed.
2022-12-23 17:19:53.805  INFO 3016 --- [restartedMain] o.hibernate.jpa.internal.util.LogHelper  : HHH000204: Processing PersistenceUnitInfo [name: default]
2022-12-23 17:19:53.872  INFO 3016 --- [restartedMain] org.hibernate.Version                    : HHH000412: Hibernate ORM core version 5.6.14.Final
2022-12-23 17:19:54.143  INFO 3016 --- [restartedMain] o.hibernate.annotations.common.Version   : HCANN000001: Hibernate Commons Annotations {5.1.2.Final}
2022-12-23 17:19:54.260  INFO 3016 --- [restartedMain] org.hibernate.dialect.Dialect            : HHH000400: Using dialect: org.hibernate.dialect.MySQL8Dialect
2022-12-23 17:19:54.557  INFO 3016 --- [restartedMain] o.h.e.t.j.p.i.JtaPlatformInitiator       : HHH000490: Using JtaPlatform implementation: [org.hibernate.engine.transaction.jta.platform.internal.NoJtaPlatform]
2022-12-23 17:19:54.569  INFO 3016 --- [restartedMain] j.LocalContainerEntityManagerFactoryBean : Initialized JPA EntityManagerFactory for persistence unit 'default'
2022-12-23 17:19:54.735  WARN 3016 --- [restartedMain] JpaBaseConfiguration$JpaWebConfiguration : spring.jpa.open-in-view is enabled by default. Therefore, database queries may be performed during view rendering. Explicitly configure spring.jpa.open-in-view to disable this warning
2022-12-23 17:19:55.634  WARN 3016 --- [restartedMain] ion$DefaultTemplateResolverConfiguration : Cannot find template location: classpath:/templates/ (please add some templates, check your Thymeleaf configuration, or set spring.thymeleaf.check-template-location=false)
2022-12-23 17:19:55.816  INFO 3016 --- [restartedMain] o.s.b.d.a.OptionalLiveReloadServer       : LiveReload server is running on port 35729
2022-12-23 17:19:55.889  INFO 3016 --- [restartedMain] o.s.b.w.embedded.tomcat.TomcatWebServer  : Tomcat started on port(s): 8080 (http) with context path ''
2022-12-23 17:19:55.905  INFO 3016 --- [restartedMain] jmaster.io.project2.Project2Application  : Started Project2Application in 5.102 seconds (JVM running for 6.203)
2022-12-23 17:20:00.187  INFO 3016 --- [http-nio-8080-exec-1] o.a.c.c.C.[Tomcat].[localhost].[/]       : Initializing Spring DispatcherServlet 'dispatcherServlet'
2022-12-23 17:20:00.188  INFO 3016 --- [http-nio-8080-exec-1] o.s.web.servlet.DispatcherServlet        : Initializing Servlet 'dispatcherServlet'
2022-12-23 17:20:00.189  INFO 3016 --- [http-nio-8080-exec-1] o.s.web.servlet.DispatcherServlet        : Completed initialization in 1 ms
2022-12-23 17:20:00.713  INFO 3016 --- [http-nio-8080-exec-3] o.springdoc.api.AbstractOpenApiResource  : Init duration for springdoc-openapi is: 118 ms
2022-12-23 17:20:22.857  INFO 3016 --- [SpringApplicationShutdownHook] j.LocalContainerEntityManagerFactoryBean : Closing JPA EntityManagerFactory for persistence unit 'default'
2022-12-23 17:20:22.860  INFO 3016 --- [SpringApplicationShutdownHook] com.zaxxer.hikari.HikariDataSource       : HikariPool-1 - Shutdown initiated...
2022-12-23 17:20:22.870  INFO 3016 --- [SpringApplicationShutdownHook] com.zaxxer.hikari.HikariDataSource       : HikariPool-1 - Shutdown completed.
2022-12-23 17:20:27.691  INFO 15448 --- [restartedMain] jmaster.io.project2.Project2Application  : Starting Project2Application using Java 17.0.5 on CuongVu with PID 15448 (C:\Users\cuong\OneDrive\Desktop\KhoaHocSpring_JMaster\spring\project2\target\classes started by CuongVu in C:\Users\cuong\OneDrive\Desktop\KhoaHocSpring_JMaster\spring\project2)
2022-12-23 17:20:27.693  INFO 15448 --- [restartedMain] jmaster.io.project2.Project2Application  : No active profile set, falling back to 1 default profile: "default"
2022-12-23 17:20:27.759  INFO 15448 --- [restartedMain] .e.DevToolsPropertyDefaultsPostProcessor : Devtools property defaults active! Set 'spring.devtools.add-properties' to 'false' to disable
2022-12-23 17:20:27.759  INFO 15448 --- [restartedMain] .e.DevToolsPropertyDefaultsPostProcessor : For additional web related logging consider setting the 'logging.level.web' property to 'DEBUG'
2022-12-23 17:20:28.644  INFO 15448 --- [restartedMain] .s.d.r.c.RepositoryConfigurationDelegate : Bootstrapping Spring Data JPA repositories in DEFAULT mode.
2022-12-23 17:20:28.663  INFO 15448 --- [restartedMain] .s.d.r.c.RepositoryConfigurationDelegate : Finished Spring Data repository scanning in 5 ms. Found 0 JPA repository interfaces.
2022-12-23 17:20:29.332  INFO 15448 --- [restartedMain] o.s.b.w.embedded.tomcat.TomcatWebServer  : Tomcat initialized with port(s): 8080 (http)
2022-12-23 17:20:29.342  INFO 15448 --- [restartedMain] o.apache.catalina.core.StandardService   : Starting service [Tomcat]
2022-12-23 17:20:29.342  INFO 15448 --- [restartedMain] org.apache.catalina.core.StandardEngine  : Starting Servlet engine: [Apache Tomcat/9.0.70]
2022-12-23 17:20:29.497  INFO 15448 --- [restartedMain] o.a.c.c.C.[Tomcat].[localhost].[/]       : Initializing Spring embedded WebApplicationContext
2022-12-23 17:20:29.497  INFO 15448 --- [restartedMain] w.s.c.ServletWebServerApplicationContext : Root WebApplicationContext: initialization completed in 1737 ms
2022-12-23 17:20:29.716  INFO 15448 --- [restartedMain] com.zaxxer.hikari.HikariDataSource       : HikariPool-1 - Starting...
2022-12-23 17:20:30.133  INFO 15448 --- [restartedMain] com.zaxxer.hikari.HikariDataSource       : HikariPool-1 - Start completed.
2022-12-23 17:20:30.200  INFO 15448 --- [restartedMain] o.hibernate.jpa.internal.util.LogHelper  : HHH000204: Processing PersistenceUnitInfo [name: default]
2022-12-23 17:20:30.285  INFO 15448 --- [restartedMain] org.hibernate.Version                    : HHH000412: Hibernate ORM core version 5.6.14.Final
2022-12-23 17:20:30.571  INFO 15448 --- [restartedMain] o.hibernate.annotations.common.Version   : HCANN000001: Hibernate Commons Annotations {5.1.2.Final}
2022-12-23 17:20:30.725  INFO 15448 --- [restartedMain] org.hibernate.dialect.Dialect            : HHH000400: Using dialect: org.hibernate.dialect.MySQL8Dialect
2022-12-23 17:20:31.030  INFO 15448 --- [restartedMain] o.h.e.t.j.p.i.JtaPlatformInitiator       : HHH000490: Using JtaPlatform implementation: [org.hibernate.engine.transaction.jta.platform.internal.NoJtaPlatform]
2022-12-23 17:20:31.041  INFO 15448 --- [restartedMain] j.LocalContainerEntityManagerFactoryBean : Initialized JPA EntityManagerFactory for persistence unit 'default'
2022-12-23 17:20:31.237  WARN 15448 --- [restartedMain] JpaBaseConfiguration$JpaWebConfiguration : spring.jpa.open-in-view is enabled by default. Therefore, database queries may be performed during view rendering. Explicitly configure spring.jpa.open-in-view to disable this warning
2022-12-23 17:20:31.959  WARN 15448 --- [restartedMain] ion$DefaultTemplateResolverConfiguration : Cannot find template location: classpath:/templates/ (please add some templates, check your Thymeleaf configuration, or set spring.thymeleaf.check-template-location=false)
2022-12-23 17:20:32.101  INFO 15448 --- [restartedMain] o.s.b.d.a.OptionalLiveReloadServer       : LiveReload server is running on port 35729
2022-12-23 17:20:32.147  INFO 15448 --- [restartedMain] o.s.b.w.embedded.tomcat.TomcatWebServer  : Tomcat started on port(s): 8080 (http) with context path ''
2022-12-23 17:20:32.160  INFO 15448 --- [restartedMain] jmaster.io.project2.Project2Application  : Started Project2Application in 5.038 seconds (JVM running for 6.278)
2022-12-23 17:20:33.717  INFO 15448 --- [http-nio-8080-exec-1] o.a.c.c.C.[Tomcat].[localhost].[/]       : Initializing Spring DispatcherServlet 'dispatcherServlet'
2022-12-23 17:20:33.718  INFO 15448 --- [http-nio-8080-exec-1] o.s.web.servlet.DispatcherServlet        : Initializing Servlet 'dispatcherServlet'
2022-12-23 17:20:33.719  INFO 15448 --- [http-nio-8080-exec-1] o.s.web.servlet.DispatcherServlet        : Completed initialization in 1 ms
2022-12-23 17:20:37.086  INFO 15448 --- [http-nio-8080-exec-4] o.springdoc.api.AbstractOpenApiResource  : Init duration for springdoc-openapi is: 134 ms
2022-12-23 17:20:57.638  INFO 15448 --- [SpringApplicationShutdownHook] j.LocalContainerEntityManagerFactoryBean : Closing JPA EntityManagerFactory for persistence unit 'default'
2022-12-23 17:20:57.640  INFO 15448 --- [SpringApplicationShutdownHook] com.zaxxer.hikari.HikariDataSource       : HikariPool-1 - Shutdown initiated...
2022-12-23 17:20:57.654  INFO 15448 --- [SpringApplicationShutdownHook] com.zaxxer.hikari.HikariDataSource       : HikariPool-1 - Shutdown completed.
2022-12-23 17:21:02.316  INFO 5796 --- [restartedMain] jmaster.io.project2.Project2Application  : Starting Project2Application using Java 17.0.5 on CuongVu with PID 5796 (C:\Users\cuong\OneDrive\Desktop\KhoaHocSpring_JMaster\spring\project2\target\classes started by CuongVu in C:\Users\cuong\OneDrive\Desktop\KhoaHocSpring_JMaster\spring\project2)
2022-12-23 17:21:02.318  INFO 5796 --- [restartedMain] jmaster.io.project2.Project2Application  : No active profile set, falling back to 1 default profile: "default"
2022-12-23 17:21:02.392  INFO 5796 --- [restartedMain] .e.DevToolsPropertyDefaultsPostProcessor : Devtools property defaults active! Set 'spring.devtools.add-properties' to 'false' to disable
2022-12-23 17:21:02.393  INFO 5796 --- [restartedMain] .e.DevToolsPropertyDefaultsPostProcessor : For additional web related logging consider setting the 'logging.level.web' property to 'DEBUG'
2022-12-23 17:21:03.299  INFO 5796 --- [restartedMain] .s.d.r.c.RepositoryConfigurationDelegate : Bootstrapping Spring Data JPA repositories in DEFAULT mode.
2022-12-23 17:21:03.318  INFO 5796 --- [restartedMain] .s.d.r.c.RepositoryConfigurationDelegate : Finished Spring Data repository scanning in 5 ms. Found 0 JPA repository interfaces.
2022-12-23 17:21:04.000  INFO 5796 --- [restartedMain] o.s.b.w.embedded.tomcat.TomcatWebServer  : Tomcat initialized with port(s): 8080 (http)
2022-12-23 17:21:04.009  INFO 5796 --- [restartedMain] o.apache.catalina.core.StandardService   : Starting service [Tomcat]
2022-12-23 17:21:04.010  INFO 5796 --- [restartedMain] org.apache.catalina.core.StandardEngine  : Starting Servlet engine: [Apache Tomcat/9.0.70]
2022-12-23 17:21:04.133  INFO 5796 --- [restartedMain] o.a.c.c.C.[Tomcat].[localhost].[/]       : Initializing Spring embedded WebApplicationContext
2022-12-23 17:21:04.134  INFO 5796 --- [restartedMain] w.s.c.ServletWebServerApplicationContext : Root WebApplicationContext: initialization completed in 1740 ms
2022-12-23 17:21:04.267  INFO 5796 --- [restartedMain] com.zaxxer.hikari.HikariDataSource       : HikariPool-1 - Starting...
2022-12-23 17:21:04.614  INFO 5796 --- [restartedMain] com.zaxxer.hikari.HikariDataSource       : HikariPool-1 - Start completed.
2022-12-23 17:21:04.659  INFO 5796 --- [restartedMain] o.hibernate.jpa.internal.util.LogHelper  : HHH000204: Processing PersistenceUnitInfo [name: default]
2022-12-23 17:21:04.711  INFO 5796 --- [restartedMain] org.hibernate.Version                    : HHH000412: Hibernate ORM core version 5.6.14.Final
2022-12-23 17:21:04.976  INFO 5796 --- [restartedMain] o.hibernate.annotations.common.Version   : HCANN000001: Hibernate Commons Annotations {5.1.2.Final}
2022-12-23 17:21:05.113  INFO 5796 --- [restartedMain] org.hibernate.dialect.Dialect            : HHH000400: Using dialect: org.hibernate.dialect.MySQL8Dialect
2022-12-23 17:21:05.353  INFO 5796 --- [restartedMain] o.h.e.t.j.p.i.JtaPlatformInitiator       : HHH000490: Using JtaPlatform implementation: [org.hibernate.engine.transaction.jta.platform.internal.NoJtaPlatform]
2022-12-23 17:21:05.362  INFO 5796 --- [restartedMain] j.LocalContainerEntityManagerFactoryBean : Initialized JPA EntityManagerFactory for persistence unit 'default'
2022-12-23 17:21:05.532  WARN 5796 --- [restartedMain] JpaBaseConfiguration$JpaWebConfiguration : spring.jpa.open-in-view is enabled by default. Therefore, database queries may be performed during view rendering. Explicitly configure spring.jpa.open-in-view to disable this warning
2022-12-23 17:21:06.242  WARN 5796 --- [restartedMain] ion$DefaultTemplateResolverConfiguration : Cannot find template location: classpath:/templates/ (please add some templates, check your Thymeleaf configuration, or set spring.thymeleaf.check-template-location=false)
2022-12-23 17:21:06.387  INFO 5796 --- [restartedMain] o.s.b.d.a.OptionalLiveReloadServer       : LiveReload server is running on port 35729
2022-12-23 17:21:06.435  INFO 5796 --- [restartedMain] o.s.b.w.embedded.tomcat.TomcatWebServer  : Tomcat started on port(s): 8080 (http) with context path ''
2022-12-23 17:21:06.448  INFO 5796 --- [restartedMain] jmaster.io.project2.Project2Application  : Started Project2Application in 4.695 seconds (JVM running for 6.158)
2022-12-23 17:21:09.442  INFO 5796 --- [http-nio-8080-exec-1] o.a.c.c.C.[Tomcat].[localhost].[/]       : Initializing Spring DispatcherServlet 'dispatcherServlet'
2022-12-23 17:21:09.443  INFO 5796 --- [http-nio-8080-exec-1] o.s.web.servlet.DispatcherServlet        : Initializing Servlet 'dispatcherServlet'
2022-12-23 17:21:09.444  INFO 5796 --- [http-nio-8080-exec-1] o.s.web.servlet.DispatcherServlet        : Completed initialization in 1 ms
2022-12-23 17:21:09.919  INFO 5796 --- [http-nio-8080-exec-3] o.springdoc.api.AbstractOpenApiResource  : Init duration for springdoc-openapi is: 129 ms
2022-12-23 17:24:28.596  INFO 5796 --- [SpringApplicationShutdownHook] j.LocalContainerEntityManagerFactoryBean : Closing JPA EntityManagerFactory for persistence unit 'default'
2022-12-23 17:24:28.600  INFO 5796 --- [SpringApplicationShutdownHook] com.zaxxer.hikari.HikariDataSource       : HikariPool-1 - Shutdown initiated...
2022-12-23 17:24:28.611  INFO 5796 --- [SpringApplicationShutdownHook] com.zaxxer.hikari.HikariDataSource       : HikariPool-1 - Shutdown completed.
2022-12-23 17:34:48.376  INFO 9692 --- [restartedMain] jmaster.io.project2.Project2Application  : Starting Project2Application using Java 17.0.5 on CuongVu with PID 9692 (C:\Users\cuong\OneDrive\Desktop\KhoaHocSpring_JMaster\spring\project2\target\classes started by CuongVu in C:\Users\cuong\OneDrive\Desktop\KhoaHocSpring_JMaster\spring\project2)
2022-12-23 17:34:48.378  INFO 9692 --- [restartedMain] jmaster.io.project2.Project2Application  : No active profile set, falling back to 1 default profile: "default"
2022-12-23 17:34:48.455  INFO 9692 --- [restartedMain] .e.DevToolsPropertyDefaultsPostProcessor : Devtools property defaults active! Set 'spring.devtools.add-properties' to 'false' to disable
2022-12-23 17:34:48.456  INFO 9692 --- [restartedMain] .e.DevToolsPropertyDefaultsPostProcessor : For additional web related logging consider setting the 'logging.level.web' property to 'DEBUG'
2022-12-23 17:34:49.637  INFO 9692 --- [restartedMain] .s.d.r.c.RepositoryConfigurationDelegate : Bootstrapping Spring Data JPA repositories in DEFAULT mode.
2022-12-23 17:34:49.750  INFO 9692 --- [restartedMain] .s.d.r.c.RepositoryConfigurationDelegate : Finished Spring Data repository scanning in 101 ms. Found 7 JPA repository interfaces.
2022-12-23 17:34:50.478  INFO 9692 --- [restartedMain] o.s.b.w.embedded.tomcat.TomcatWebServer  : Tomcat initialized with port(s): 8080 (http)
2022-12-23 17:34:50.488  INFO 9692 --- [restartedMain] o.apache.catalina.core.StandardService   : Starting service [Tomcat]
2022-12-23 17:34:50.488  INFO 9692 --- [restartedMain] org.apache.catalina.core.StandardEngine  : Starting Servlet engine: [Apache Tomcat/9.0.70]
2022-12-23 17:34:50.608  INFO 9692 --- [restartedMain] o.a.c.c.C.[Tomcat].[localhost].[/]       : Initializing Spring embedded WebApplicationContext
2022-12-23 17:34:50.609  INFO 9692 --- [restartedMain] w.s.c.ServletWebServerApplicationContext : Root WebApplicationContext: initialization completed in 2152 ms
2022-12-23 17:34:50.752  INFO 9692 --- [restartedMain] com.zaxxer.hikari.HikariDataSource       : HikariPool-1 - Starting...
2022-12-23 17:34:51.118  INFO 9692 --- [restartedMain] com.zaxxer.hikari.HikariDataSource       : HikariPool-1 - Start completed.
2022-12-23 17:34:51.172  INFO 9692 --- [restartedMain] o.hibernate.jpa.internal.util.LogHelper  : HHH000204: Processing PersistenceUnitInfo [name: default]
2022-12-23 17:34:51.226  INFO 9692 --- [restartedMain] org.hibernate.Version                    : HHH000412: Hibernate ORM core version 5.6.14.Final
2022-12-23 17:34:51.472  INFO 9692 --- [restartedMain] o.hibernate.annotations.common.Version   : HCANN000001: Hibernate Commons Annotations {5.1.2.Final}
2022-12-23 17:34:51.611  INFO 9692 --- [restartedMain] org.hibernate.dialect.Dialect            : HHH000400: Using dialect: org.hibernate.dialect.MySQL8Dialect
2022-12-23 17:34:53.108  INFO 9692 --- [restartedMain] o.h.e.t.j.p.i.JtaPlatformInitiator       : HHH000490: Using JtaPlatform implementation: [org.hibernate.engine.transaction.jta.platform.internal.NoJtaPlatform]
2022-12-23 17:34:53.118  INFO 9692 --- [restartedMain] j.LocalContainerEntityManagerFactoryBean : Initialized JPA EntityManagerFactory for persistence unit 'default'
2022-12-23 17:34:54.076  WARN 9692 --- [restartedMain] JpaBaseConfiguration$JpaWebConfiguration : spring.jpa.open-in-view is enabled by default. Therefore, database queries may be performed during view rendering. Explicitly configure spring.jpa.open-in-view to disable this warning
2022-12-23 17:34:54.993  INFO 9692 --- [restartedMain] o.s.b.d.a.OptionalLiveReloadServer       : LiveReload server is running on port 35729
2022-12-23 17:34:55.042  INFO 9692 --- [restartedMain] o.s.b.w.embedded.tomcat.TomcatWebServer  : Tomcat started on port(s): 8080 (http) with context path ''
2022-12-23 17:34:55.056  INFO 9692 --- [restartedMain] jmaster.io.project2.Project2Application  : Started Project2Application in 7.223 seconds (JVM running for 8.212)
2022-12-23 17:34:58.343  INFO 9692 --- [http-nio-8080-exec-1] o.a.c.c.C.[Tomcat].[localhost].[/]       : Initializing Spring DispatcherServlet 'dispatcherServlet'
2022-12-23 17:34:58.344  INFO 9692 --- [http-nio-8080-exec-1] o.s.web.servlet.DispatcherServlet        : Initializing Servlet 'dispatcherServlet'
2022-12-23 17:34:58.345  INFO 9692 --- [http-nio-8080-exec-1] o.s.web.servlet.DispatcherServlet        : Completed initialization in 1 ms
2022-12-23 17:34:59.139  INFO 9692 --- [http-nio-8080-exec-3] o.springdoc.api.AbstractOpenApiResource  : Init duration for springdoc-openapi is: 456 ms
2022-12-23 17:36:22.887  INFO 9692 --- [SpringApplicationShutdownHook] j.LocalContainerEntityManagerFactoryBean : Closing JPA EntityManagerFactory for persistence unit 'default'
2022-12-23 17:36:22.890  INFO 9692 --- [SpringApplicationShutdownHook] com.zaxxer.hikari.HikariDataSource       : HikariPool-1 - Shutdown initiated...
2022-12-23 17:36:22.898  INFO 9692 --- [SpringApplicationShutdownHook] com.zaxxer.hikari.HikariDataSource       : HikariPool-1 - Shutdown completed.
2022-12-23 17:36:27.325  INFO 18444 --- [restartedMain] jmaster.io.project2.Project2Application  : Starting Project2Application using Java 17.0.5 on CuongVu with PID 18444 (C:\Users\cuong\OneDrive\Desktop\KhoaHocSpring_JMaster\spring\project2\target\classes started by CuongVu in C:\Users\cuong\OneDrive\Desktop\KhoaHocSpring_JMaster\spring\project2)
2022-12-23 17:36:27.327  INFO 18444 --- [restartedMain] jmaster.io.project2.Project2Application  : No active profile set, falling back to 1 default profile: "default"
2022-12-23 17:36:27.409  INFO 18444 --- [restartedMain] .e.DevToolsPropertyDefaultsPostProcessor : Devtools property defaults active! Set 'spring.devtools.add-properties' to 'false' to disable
2022-12-23 17:36:27.409  INFO 18444 --- [restartedMain] .e.DevToolsPropertyDefaultsPostProcessor : For additional web related logging consider setting the 'logging.level.web' property to 'DEBUG'
2022-12-23 17:36:28.423  INFO 18444 --- [restartedMain] .s.d.r.c.RepositoryConfigurationDelegate : Bootstrapping Spring Data JPA repositories in DEFAULT mode.
2022-12-23 17:36:28.517  INFO 18444 --- [restartedMain] .s.d.r.c.RepositoryConfigurationDelegate : Finished Spring Data repository scanning in 82 ms. Found 7 JPA repository interfaces.
2022-12-23 17:36:29.223  INFO 18444 --- [restartedMain] o.s.b.w.embedded.tomcat.TomcatWebServer  : Tomcat initialized with port(s): 8080 (http)
2022-12-23 17:36:29.234  INFO 18444 --- [restartedMain] o.apache.catalina.core.StandardService   : Starting service [Tomcat]
2022-12-23 17:36:29.234  INFO 18444 --- [restartedMain] org.apache.catalina.core.StandardEngine  : Starting Servlet engine: [Apache Tomcat/9.0.70]
2022-12-23 17:36:29.361  INFO 18444 --- [restartedMain] o.a.c.c.C.[Tomcat].[localhost].[/]       : Initializing Spring embedded WebApplicationContext
2022-12-23 17:36:29.361  INFO 18444 --- [restartedMain] w.s.c.ServletWebServerApplicationContext : Root WebApplicationContext: initialization completed in 1951 ms
2022-12-23 17:36:29.503  INFO 18444 --- [restartedMain] com.zaxxer.hikari.HikariDataSource       : HikariPool-1 - Starting...
2022-12-23 17:36:29.862  INFO 18444 --- [restartedMain] com.zaxxer.hikari.HikariDataSource       : HikariPool-1 - Start completed.
2022-12-23 17:36:29.918  INFO 18444 --- [restartedMain] o.hibernate.jpa.internal.util.LogHelper  : HHH000204: Processing PersistenceUnitInfo [name: default]
2022-12-23 17:36:29.975  INFO 18444 --- [restartedMain] org.hibernate.Version                    : HHH000412: Hibernate ORM core version 5.6.14.Final
2022-12-23 17:36:30.243  INFO 18444 --- [restartedMain] o.hibernate.annotations.common.Version   : HCANN000001: Hibernate Commons Annotations {5.1.2.Final}
2022-12-23 17:36:30.368  INFO 18444 --- [restartedMain] org.hibernate.dialect.Dialect            : HHH000400: Using dialect: org.hibernate.dialect.MySQL8Dialect
2022-12-23 17:36:31.325  INFO 18444 --- [restartedMain] o.h.e.t.j.p.i.JtaPlatformInitiator       : HHH000490: Using JtaPlatform implementation: [org.hibernate.engine.transaction.jta.platform.internal.NoJtaPlatform]
2022-12-23 17:36:31.338  INFO 18444 --- [restartedMain] j.LocalContainerEntityManagerFactoryBean : Initialized JPA EntityManagerFactory for persistence unit 'default'
2022-12-23 17:36:32.254  WARN 18444 --- [restartedMain] JpaBaseConfiguration$JpaWebConfiguration : spring.jpa.open-in-view is enabled by default. Therefore, database queries may be performed during view rendering. Explicitly configure spring.jpa.open-in-view to disable this warning
2022-12-23 17:36:33.180  INFO 18444 --- [restartedMain] o.s.b.d.a.OptionalLiveReloadServer       : LiveReload server is running on port 35729
2022-12-23 17:36:33.232  INFO 18444 --- [restartedMain] o.s.b.w.embedded.tomcat.TomcatWebServer  : Tomcat started on port(s): 8080 (http) with context path ''
2022-12-23 17:36:33.246  INFO 18444 --- [restartedMain] jmaster.io.project2.Project2Application  : Started Project2Application in 6.419 seconds (JVM running for 7.526)
